{"/home/kiel/Downloads/Test/src/components/Button/index.jsx": {"path":"/home/kiel/Downloads/Test/src/components/Button/index.jsx","statementMap":{"0":{"start":{"line":7,"column":15},"end":{"line":11,"column":1}},"1":{"start":{"line":8,"column":2},"end":{"line":10,"column":14}}},"fnMap":{"0":{"name":"(anonymous_0)","decl":{"start":{"line":7,"column":15},"end":{"line":7,"column":16}},"loc":{"start":{"line":8,"column":2},"end":{"line":10,"column":14}},"line":8}},"branchMap":{},"s":{"0":2,"1":4},"f":{"0":4},"b":{},"_coverageSchema":"1a1c01bbd47fc00a2c39e90264f33305004495a9","hash":"5e62ced9150e93443644628076a86accadccfb24"}
,"/home/kiel/Downloads/Test/src/components/FeaturedMovie/index.jsx": {"path":"/home/kiel/Downloads/Test/src/components/FeaturedMovie/index.jsx","statementMap":{"0":{"start":{"line":19,"column":17},"end":{"line":58,"column":1}},"1":{"start":{"line":20,"column":17},"end":{"line":20,"column":19}},"2":{"start":{"line":21,"column":2},"end":{"line":21,"column":59}},"3":{"start":{"line":21,"column":34},"end":{"line":21,"column":57}},"4":{"start":{"line":23,"column":2},"end":{"line":57,"column":4}}},"fnMap":{"0":{"name":"(anonymous_0)","decl":{"start":{"line":19,"column":17},"end":{"line":19,"column":18}},"loc":{"start":{"line":19,"column":32},"end":{"line":58,"column":1}},"line":19},"1":{"name":"(anonymous_1)","decl":{"start":{"line":21,"column":23},"end":{"line":21,"column":24}},"loc":{"start":{"line":21,"column":34},"end":{"line":21,"column":57}},"line":21}},"branchMap":{"0":{"loc":{"start":{"line":39,"column":15},"end":{"line":39,"column":55}},"type":"cond-expr","locations":[{"start":{"line":39,"column":47},"end":{"line":39,"column":50}},{"start":{"line":39,"column":53},"end":{"line":39,"column":55}}],"line":39}},"s":{"0":0,"1":0,"2":0,"3":0,"4":0},"f":{"0":0,"1":0},"b":{"0":[0,0]}}
,"/home/kiel/Downloads/Test/src/components/Footer/index.jsx": {"path":"/home/kiel/Downloads/Test/src/components/Footer/index.jsx","statementMap":{"0":{"start":{"line":5,"column":15},"end":{"line":20,"column":1}},"1":{"start":{"line":6,"column":2},"end":{"line":19,"column":14}}},"fnMap":{"0":{"name":"(anonymous_0)","decl":{"start":{"line":5,"column":15},"end":{"line":5,"column":16}},"loc":{"start":{"line":6,"column":2},"end":{"line":19,"column":14}},"line":6}},"branchMap":{},"s":{"0":2,"1":4},"f":{"0":4},"b":{},"_coverageSchema":"1a1c01bbd47fc00a2c39e90264f33305004495a9","hash":"f292c762a634c54fe16441ca9b93a1bba366b8f5"}
,"/home/kiel/Downloads/Test/src/components/Header/index.jsx": {"path":"/home/kiel/Downloads/Test/src/components/Header/index.jsx","statementMap":{"0":{"start":{"line":13,"column":15},"end":{"line":36,"column":1}},"1":{"start":{"line":14,"column":33},"end":{"line":14,"column":42}},"2":{"start":{"line":16,"column":23},"end":{"line":20,"column":20}},"3":{"start":{"line":17,"column":4},"end":{"line":17,"column":31}},"4":{"start":{"line":18,"column":4},"end":{"line":18,"column":48}},"5":{"start":{"line":19,"column":4},"end":{"line":19,"column":21}},"6":{"start":{"line":22,"column":2},"end":{"line":35,"column":4}},"7":{"start":{"line":31,"column":84},"end":{"line":31,"column":98}}},"fnMap":{"0":{"name":"(anonymous_0)","decl":{"start":{"line":13,"column":15},"end":{"line":13,"column":16}},"loc":{"start":{"line":13,"column":31},"end":{"line":36,"column":1}},"line":13},"1":{"name":"(anonymous_1)","decl":{"start":{"line":16,"column":35},"end":{"line":16,"column":36}},"loc":{"start":{"line":16,"column":47},"end":{"line":20,"column":3}},"line":16},"2":{"name":"(anonymous_2)","decl":{"start":{"line":31,"column":78},"end":{"line":31,"column":79}},"loc":{"start":{"line":31,"column":84},"end":{"line":31,"column":98}},"line":31}},"branchMap":{"0":{"loc":{"start":{"line":31,"column":11},"end":{"line":31,"column":102}},"type":"binary-expr","locations":[{"start":{"line":31,"column":11},"end":{"line":31,"column":15}},{"start":{"line":31,"column":19},"end":{"line":31,"column":102}}],"line":31}},"s":{"0":1,"1":0,"2":0,"3":0,"4":0,"5":0,"6":0,"7":0},"f":{"0":0,"1":0,"2":0},"b":{"0":[0,0]},"_coverageSchema":"1a1c01bbd47fc00a2c39e90264f33305004495a9","hash":"dc3c1363475a60f56354f56c6485d2535af54f01"}
,"/home/kiel/Downloads/Test/src/components/Input/index.jsx": {"path":"/home/kiel/Downloads/Test/src/components/Input/index.jsx","statementMap":{"0":{"start":{"line":8,"column":14},"end":{"line":31,"column":1}},"1":{"start":{"line":9,"column":19},"end":{"line":9,"column":31}},"2":{"start":{"line":10,"column":36},"end":{"line":10,"column":51}},"3":{"start":{"line":11,"column":60},"end":{"line":11,"column":74}},"4":{"start":{"line":13,"column":2},"end":{"line":19,"column":33}},"5":{"start":{"line":14,"column":4},"end":{"line":18,"column":7}},"6":{"start":{"line":20,"column":2},"end":{"line":30,"column":4}},"7":{"start":{"line":23,"column":23},"end":{"line":23,"column":41}}},"fnMap":{"0":{"name":"(anonymous_0)","decl":{"start":{"line":8,"column":14},"end":{"line":8,"column":15}},"loc":{"start":{"line":8,"column":37},"end":{"line":31,"column":1}},"line":8},"1":{"name":"(anonymous_1)","decl":{"start":{"line":13,"column":12},"end":{"line":13,"column":13}},"loc":{"start":{"line":13,"column":18},"end":{"line":19,"column":3}},"line":13},"2":{"name":"(anonymous_2)","decl":{"start":{"line":23,"column":17},"end":{"line":23,"column":18}},"loc":{"start":{"line":23,"column":23},"end":{"line":23,"column":41}},"line":23}},"branchMap":{},"s":{"0":3,"1":23,"2":23,"3":23,"4":23,"5":11,"6":23,"7":1},"f":{"0":23,"1":11,"2":1},"b":{},"_coverageSchema":"1a1c01bbd47fc00a2c39e90264f33305004495a9","hash":"437a099e5994a1285b2dac2aad75cb62aa1f9191"}
,"/home/kiel/Downloads/Test/src/components/SlideShow/index.jsx": {"path":"/home/kiel/Downloads/Test/src/components/SlideShow/index.jsx","statementMap":{"0":{"start":{"line":16,"column":18},"end":{"line":71,"column":1}},"1":{"start":{"line":17,"column":30},"end":{"line":17,"column":44}},"2":{"start":{"line":19,"column":24},"end":{"line":26,"column":3}},"3":{"start":{"line":20,"column":12},"end":{"line":20,"column":54}},"4":{"start":{"line":21,"column":17},"end":{"line":21,"column":43}},"5":{"start":{"line":22,"column":4},"end":{"line":24,"column":5}},"6":{"start":{"line":23,"column":6},"end":{"line":23,"column":40}},"7":{"start":{"line":25,"column":4},"end":{"line":25,"column":17}},"8":{"start":{"line":27,"column":23},"end":{"line":34,"column":3}},"9":{"start":{"line":29,"column":12},"end":{"line":29,"column":54}},"10":{"start":{"line":30,"column":4},"end":{"line":32,"column":5}},"11":{"start":{"line":31,"column":6},"end":{"line":31,"column":12}},"12":{"start":{"line":33,"column":4},"end":{"line":33,"column":17}},"13":{"start":{"line":36,"column":2},"end":{"line":70,"column":4}},"14":{"start":{"line":60,"column":14},"end":{"line":65,"column":30}}},"fnMap":{"0":{"name":"(anonymous_0)","decl":{"start":{"line":16,"column":18},"end":{"line":16,"column":19}},"loc":{"start":{"line":16,"column":40},"end":{"line":71,"column":1}},"line":16},"1":{"name":"(anonymous_1)","decl":{"start":{"line":19,"column":24},"end":{"line":19,"column":25}},"loc":{"start":{"line":19,"column":30},"end":{"line":26,"column":3}},"line":19},"2":{"name":"(anonymous_2)","decl":{"start":{"line":27,"column":23},"end":{"line":27,"column":24}},"loc":{"start":{"line":27,"column":29},"end":{"line":34,"column":3}},"line":27},"3":{"name":"(anonymous_3)","decl":{"start":{"line":59,"column":30},"end":{"line":59,"column":31}},"loc":{"start":{"line":60,"column":14},"end":{"line":65,"column":30}},"line":60}},"branchMap":{"0":{"loc":{"start":{"line":22,"column":4},"end":{"line":24,"column":5}},"type":"if","locations":[{"start":{"line":22,"column":4},"end":{"line":24,"column":5}},{"start":{"line":22,"column":4},"end":{"line":24,"column":5}}],"line":22},"1":{"loc":{"start":{"line":30,"column":4},"end":{"line":32,"column":5}},"type":"if","locations":[{"start":{"line":30,"column":4},"end":{"line":32,"column":5}},{"start":{"line":30,"column":4},"end":{"line":32,"column":5}}],"line":30},"2":{"loc":{"start":{"line":58,"column":11},"end":{"line":66,"column":14}},"type":"binary-expr","locations":[{"start":{"line":58,"column":11},"end":{"line":58,"column":35}},{"start":{"line":59,"column":12},"end":{"line":66,"column":14}}],"line":58}},"s":{"0":0,"1":0,"2":0,"3":0,"4":0,"5":0,"6":0,"7":0,"8":0,"9":0,"10":0,"11":0,"12":0,"13":0,"14":0},"f":{"0":0,"1":0,"2":0,"3":0},"b":{"0":[0,0],"1":[0,0],"2":[0,0]}}
,"/home/kiel/Downloads/Test/src/hooks/AuthContext.jsx": {"path":"/home/kiel/Downloads/Test/src/hooks/AuthContext.jsx","statementMap":{"0":{"start":{"line":9,"column":20},"end":{"line":9,"column":35}},"1":{"start":{"line":10,"column":21},"end":{"line":57,"column":1}},"2":{"start":{"line":11,"column":36},"end":{"line":19,"column":4}},"3":{"start":{"line":12,"column":17},"end":{"line":12,"column":57}},"4":{"start":{"line":14,"column":4},"end":{"line":16,"column":5}},"5":{"start":{"line":15,"column":6},"end":{"line":15,"column":40}},"6":{"start":{"line":18,"column":4},"end":{"line":18,"column":14}},"7":{"start":{"line":21,"column":17},"end":{"line":31,"column":8}},"8":{"start":{"line":22,"column":4},"end":{"line":30,"column":5}},"9":{"start":{"line":23,"column":6},"end":{"line":23,"column":48}},"10":{"start":{"line":24,"column":19},"end":{"line":24,"column":46}},"11":{"start":{"line":26,"column":6},"end":{"line":26,"column":69}},"12":{"start":{"line":27,"column":6},"end":{"line":27,"column":29}},"13":{"start":{"line":29,"column":6},"end":{"line":29,"column":23}},"14":{"start":{"line":33,"column":16},"end":{"line":44,"column":8}},"15":{"start":{"line":34,"column":4},"end":{"line":43,"column":5}},"16":{"start":{"line":35,"column":6},"end":{"line":35,"column":56}},"17":{"start":{"line":36,"column":19},"end":{"line":36,"column":46}},"18":{"start":{"line":38,"column":6},"end":{"line":38,"column":69}},"19":{"start":{"line":39,"column":6},"end":{"line":39,"column":29}},"20":{"start":{"line":41,"column":6},"end":{"line":41,"column":23}},"21":{"start":{"line":42,"column":6},"end":{"line":42,"column":49}},"22":{"start":{"line":45,"column":2},"end":{"line":56,"column":4}},"23":{"start":{"line":60,"column":18},"end":{"line":60,"column":41}},"24":{"start":{"line":62,"column":2},"end":{"line":62,"column":17}}},"fnMap":{"0":{"name":"(anonymous_0)","decl":{"start":{"line":10,"column":21},"end":{"line":10,"column":22}},"loc":{"start":{"line":10,"column":39},"end":{"line":57,"column":1}},"line":10},"1":{"name":"(anonymous_1)","decl":{"start":{"line":11,"column":45},"end":{"line":11,"column":46}},"loc":{"start":{"line":11,"column":51},"end":{"line":19,"column":3}},"line":11},"2":{"name":"(anonymous_2)","decl":{"start":{"line":21,"column":29},"end":{"line":21,"column":30}},"loc":{"start":{"line":21,"column":56},"end":{"line":31,"column":3}},"line":21},"3":{"name":"(anonymous_3)","decl":{"start":{"line":33,"column":28},"end":{"line":33,"column":29}},"loc":{"start":{"line":33,"column":59},"end":{"line":44,"column":3}},"line":33},"4":{"name":"useAuth","decl":{"start":{"line":59,"column":9},"end":{"line":59,"column":16}},"loc":{"start":{"line":59,"column":19},"end":{"line":63,"column":1}},"line":59}},"branchMap":{"0":{"loc":{"start":{"line":14,"column":4},"end":{"line":16,"column":5}},"type":"if","locations":[{"start":{"line":14,"column":4},"end":{"line":16,"column":5}},{"start":{"line":14,"column":4},"end":{"line":16,"column":5}}],"line":14}},"s":{"0":1,"1":1,"2":0,"3":0,"4":0,"5":0,"6":0,"7":0,"8":0,"9":0,"10":0,"11":0,"12":0,"13":0,"14":0,"15":0,"16":0,"17":0,"18":0,"19":0,"20":0,"21":0,"22":0,"23":0,"24":0},"f":{"0":0,"1":0,"2":0,"3":0,"4":0},"b":{"0":[0,0]},"_coverageSchema":"1a1c01bbd47fc00a2c39e90264f33305004495a9","hash":"1bbb982a3ddaf91dc7e4b8afadc96c3e2f835809"}
,"/home/kiel/Downloads/Test/src/pages/Dashboard/index.jsx": {"path":"/home/kiel/Downloads/Test/src/pages/Dashboard/index.jsx","statementMap":{"0":{"start":{"line":13,"column":18},"end":{"line":64,"column":1}},"1":{"start":{"line":14,"column":30},"end":{"line":14,"column":42}},"2":{"start":{"line":15,"column":41},"end":{"line":15,"column":55}},"3":{"start":{"line":16,"column":42},"end":{"line":16,"column":65}},"4":{"start":{"line":18,"column":2},"end":{"line":34,"column":9}},"5":{"start":{"line":19,"column":25},"end":{"line":31,"column":5}},"6":{"start":{"line":20,"column":19},"end":{"line":20,"column":43}},"7":{"start":{"line":21,"column":6},"end":{"line":21,"column":22}},"8":{"start":{"line":22,"column":23},"end":{"line":22,"column":77}},"9":{"start":{"line":22,"column":46},"end":{"line":22,"column":76}},"10":{"start":{"line":23,"column":26},"end":{"line":25,"column":7}},"11":{"start":{"line":27,"column":20},"end":{"line":27,"column":58}},"12":{"start":{"line":28,"column":24},"end":{"line":28,"column":72}},"13":{"start":{"line":29,"column":6},"end":{"line":29,"column":33}},"14":{"start":{"line":30,"column":6},"end":{"line":30,"column":24}},"15":{"start":{"line":33,"column":4},"end":{"line":33,"column":19}},"16":{"start":{"line":36,"column":2},"end":{"line":49,"column":9}},"17":{"start":{"line":37,"column":25},"end":{"line":43,"column":5}},"18":{"start":{"line":38,"column":6},"end":{"line":42,"column":7}},"19":{"start":{"line":39,"column":8},"end":{"line":39,"column":35}},"20":{"start":{"line":41,"column":8},"end":{"line":41,"column":39}},"21":{"start":{"line":45,"column":4},"end":{"line":45,"column":52}},"22":{"start":{"line":46,"column":4},"end":{"line":48,"column":6}},"23":{"start":{"line":47,"column":6},"end":{"line":47,"column":57}},"24":{"start":{"line":51,"column":2},"end":{"line":63,"column":4}},"25":{"start":{"line":58,"column":10},"end":{"line":58,"column":73}}},"fnMap":{"0":{"name":"(anonymous_0)","decl":{"start":{"line":13,"column":18},"end":{"line":13,"column":19}},"loc":{"start":{"line":13,"column":24},"end":{"line":64,"column":1}},"line":13},"1":{"name":"(anonymous_1)","decl":{"start":{"line":18,"column":12},"end":{"line":18,"column":13}},"loc":{"start":{"line":18,"column":18},"end":{"line":34,"column":3}},"line":18},"2":{"name":"(anonymous_2)","decl":{"start":{"line":19,"column":25},"end":{"line":19,"column":26}},"loc":{"start":{"line":19,"column":37},"end":{"line":31,"column":5}},"line":19},"3":{"name":"(anonymous_3)","decl":{"start":{"line":22,"column":35},"end":{"line":22,"column":36}},"loc":{"start":{"line":22,"column":46},"end":{"line":22,"column":76}},"line":22},"4":{"name":"(anonymous_4)","decl":{"start":{"line":36,"column":12},"end":{"line":36,"column":13}},"loc":{"start":{"line":36,"column":18},"end":{"line":49,"column":3}},"line":36},"5":{"name":"(anonymous_5)","decl":{"start":{"line":37,"column":25},"end":{"line":37,"column":26}},"loc":{"start":{"line":37,"column":31},"end":{"line":43,"column":5}},"line":37},"6":{"name":"(anonymous_6)","decl":{"start":{"line":46,"column":11},"end":{"line":46,"column":12}},"loc":{"start":{"line":46,"column":17},"end":{"line":48,"column":5}},"line":46},"7":{"name":"(anonymous_7)","decl":{"start":{"line":57,"column":20},"end":{"line":57,"column":21}},"loc":{"start":{"line":58,"column":10},"end":{"line":58,"column":73}},"line":58}},"branchMap":{"0":{"loc":{"start":{"line":38,"column":6},"end":{"line":42,"column":7}},"type":"if","locations":[{"start":{"line":38,"column":6},"end":{"line":42,"column":7}},{"start":{"line":38,"column":6},"end":{"line":42,"column":7}}],"line":38},"1":{"loc":{"start":{"line":54,"column":7},"end":{"line":54,"column":54}},"type":"binary-expr","locations":[{"start":{"line":54,"column":7},"end":{"line":54,"column":18}},{"start":{"line":54,"column":22},"end":{"line":54,"column":54}}],"line":54}},"s":{"0":0,"1":0,"2":0,"3":0,"4":0,"5":0,"6":0,"7":0,"8":0,"9":0,"10":0,"11":0,"12":0,"13":0,"14":0,"15":0,"16":0,"17":0,"18":0,"19":0,"20":0,"21":0,"22":0,"23":0,"24":0,"25":0},"f":{"0":0,"1":0,"2":0,"3":0,"4":0,"5":0,"6":0,"7":0},"b":{"0":[0,0],"1":[0,0]}}
,"/home/kiel/Downloads/Test/src/pages/SignIn/index.jsx": {"path":"/home/kiel/Downloads/Test/src/pages/SignIn/index.jsx","statementMap":{"0":{"start":{"line":20,"column":15},"end":{"line":85,"column":1}},"1":{"start":{"line":21,"column":18},"end":{"line":21,"column":30}},"2":{"start":{"line":23,"column":20},"end":{"line":23,"column":29}},"3":{"start":{"line":25,"column":18},"end":{"line":25,"column":30}},"4":{"start":{"line":27,"column":23},"end":{"line":56,"column":3}},"5":{"start":{"line":29,"column":6},"end":{"line":53,"column":7}},"6":{"start":{"line":30,"column":8},"end":{"line":30,"column":38}},"7":{"start":{"line":32,"column":23},"end":{"line":37,"column":10}},"8":{"start":{"line":38,"column":8},"end":{"line":40,"column":11}},"9":{"start":{"line":42,"column":8},"end":{"line":45,"column":11}},"10":{"start":{"line":47,"column":8},"end":{"line":47,"column":35}},"11":{"start":{"line":49,"column":8},"end":{"line":52,"column":9}},"12":{"start":{"line":50,"column":25},"end":{"line":50,"column":38}},"13":{"start":{"line":51,"column":10},"end":{"line":51,"column":44}},"14":{"start":{"line":57,"column":2},"end":{"line":84,"column":4}}},"fnMap":{"0":{"name":"(anonymous_0)","decl":{"start":{"line":20,"column":15},"end":{"line":20,"column":16}},"loc":{"start":{"line":20,"column":21},"end":{"line":85,"column":1}},"line":20},"1":{"name":"(anonymous_1)","decl":{"start":{"line":28,"column":4},"end":{"line":28,"column":5}},"loc":{"start":{"line":28,"column":20},"end":{"line":54,"column":5}},"line":28}},"branchMap":{"0":{"loc":{"start":{"line":49,"column":8},"end":{"line":52,"column":9}},"type":"if","locations":[{"start":{"line":49,"column":8},"end":{"line":52,"column":9}},{"start":{"line":49,"column":8},"end":{"line":52,"column":9}}],"line":49}},"s":{"0":1,"1":3,"2":2,"3":2,"4":2,"5":2,"6":2,"7":2,"8":2,"9":1,"10":1,"11":1,"12":1,"13":1,"14":2},"f":{"0":3,"1":2},"b":{"0":[1,0]},"_coverageSchema":"1a1c01bbd47fc00a2c39e90264f33305004495a9","hash":"9ada738e522f6439ee12c8c85d09e0784a23bf46"}
,"/home/kiel/Downloads/Test/src/pages/SignUp/index.jsx": {"path":"/home/kiel/Downloads/Test/src/pages/SignUp/index.jsx","statementMap":{"0":{"start":{"line":19,"column":15},"end":{"line":74,"column":1}},"1":{"start":{"line":20,"column":18},"end":{"line":20,"column":30}},"2":{"start":{"line":21,"column":21},"end":{"line":21,"column":30}},"3":{"start":{"line":22,"column":18},"end":{"line":22,"column":30}},"4":{"start":{"line":24,"column":23},"end":{"line":47,"column":3}},"5":{"start":{"line":26,"column":6},"end":{"line":44,"column":7}},"6":{"start":{"line":27,"column":8},"end":{"line":27,"column":38}},"7":{"start":{"line":29,"column":23},"end":{"line":34,"column":10}},"8":{"start":{"line":35,"column":8},"end":{"line":37,"column":11}},"9":{"start":{"line":38,"column":36},"end":{"line":38,"column":40}},"10":{"start":{"line":39,"column":8},"end":{"line":39,"column":38}},"11":{"start":{"line":40,"column":8},"end":{"line":40,"column":26}},"12":{"start":{"line":42,"column":23},"end":{"line":42,"column":36}},"13":{"start":{"line":43,"column":8},"end":{"line":43,"column":42}},"14":{"start":{"line":49,"column":2},"end":{"line":73,"column":4}}},"fnMap":{"0":{"name":"(anonymous_0)","decl":{"start":{"line":19,"column":15},"end":{"line":19,"column":16}},"loc":{"start":{"line":19,"column":21},"end":{"line":74,"column":1}},"line":19},"1":{"name":"(anonymous_1)","decl":{"start":{"line":25,"column":4},"end":{"line":25,"column":5}},"loc":{"start":{"line":25,"column":20},"end":{"line":45,"column":5}},"line":25}},"branchMap":{},"s":{"0":1,"1":3,"2":2,"3":2,"4":2,"5":2,"6":2,"7":2,"8":2,"9":1,"10":1,"11":1,"12":1,"13":1,"14":2},"f":{"0":3,"1":2},"b":{},"_coverageSchema":"1a1c01bbd47fc00a2c39e90264f33305004495a9","hash":"eddfb09a7f2e138ae6887adf580a71660f1f081a"}
}
